# JRE version: OpenJDK Runtime Environment Temurin-17.0.7+7 (17.0.7+7) (build 17.0.7+7)
# Java VM: OpenJDK 64-Bit Server VM Temurin-17.0.7+7 (17.0.7+7, mixed mode, tiered, compressed oops, compressed class ptrs, g1 gc, windows-amd64)
GC Precious Log:
 CPUs: 4 total, 4 available
 Memory: 11982M
 Large Page Support: Disabled
 NUMA Support: Disabled
 Compressed Oops: Enabled (32-bit)
 Heap Region Size: 1M
 Heap Min Capacity: 8M
 Heap Initial Capacity: 188M
 Heap Max Capacity: 2G
 Pre-touch: Disabled
 Parallel Workers: 4
 Concurrent Workers: 1
 Concurrent Refinement Workers: 4
 Periodic GC: Disabled
Heap:
 garbage-first heap   total 109568K, used 51769K [0x0000000080000000, 0x0000000100000000)
  region size 1024K, 19 young (19456K), 5 survivors (5120K)
 Metaspace       used 44642K, committed 45184K, reserved 1114112K
  class space    used 4938K, committed 5184K, reserved 1048576K
GC Heap History (20 events):
Event: 4.280 GC heap before
{Heap before GC invocations=6 (full 0):
 garbage-first heap   total 75776K, used 51717K [0x0000000080000000, 0x0000000100000000)
  region size 1024K, 31 young (31744K), 2 survivors (2048K)
 Metaspace       used 24247K, committed 24512K, reserved 1114112K
  class space    used 2504K, committed 2624K, reserved 1048576K
}
Event: 4.285 GC heap after
{Heap after GC invocations=7 (full 0):
 garbage-first heap   total 75776K, used 23473K [0x0000000080000000, 0x0000000100000000)
  region size 1024K, 3 young (3072K), 3 survivors (3072K)
 Metaspace       used 24247K, committed 24512K, reserved 1114112K
  class space    used 2504K, committed 2624K, reserved 1048576K
}
Event: 5.298 GC heap before
{Heap before GC invocations=7 (full 0):
 garbage-first heap   total 75776K, used 54193K [0x0000000080000000, 0x0000000100000000)
  region size 1024K, 33 young (33792K), 3 survivors (3072K)
 Metaspace       used 30581K, committed 30976K, reserved 1114112K
  class space    used 3247K, committed 3456K, reserved 1048576K
}
Event: 5.305 GC heap after
{Heap after GC invocations=8 (full 0):
 garbage-first heap   total 75776K, used 26435K [0x0000000080000000, 0x0000000100000000)
  region size 1024K, 5 young (5120K), 5 survivors (5120K)
 Metaspace       used 30581K, committed 30976K, reserved 1114112K
  class space    used 3247K, committed 3456K, reserved 1048576K
}
Event: 5.501 GC heap before
{Heap before GC invocations=8 (full 0):
 garbage-first heap   total 75776K, used 58179K [0x0000000080000000, 0x0000000100000000)
  region size 1024K, 33 young (33792K), 5 survivors (5120K)
 Metaspace       used 31889K, committed 32192K, reserved 1114112K
  class space    used 3351K, committed 3520K, reserved 1048576K
}
Event: 5.508 GC heap after
{Heap after GC invocations=9 (full 0):
 garbage-first heap   total 75776K, used 27391K [0x0000000080000000, 0x0000000100000000)
  region size 1024K, 1 young (1024K), 1 survivors (1024K)
 Metaspace       used 31889K, committed 32192K, reserved 1114112K
  class space    used 3351K, committed 3520K, reserved 1048576K
}
Event: 5.568 GC heap before
{Heap before GC invocations=9 (full 0):
 garbage-first heap   total 75776K, used 58111K [0x0000000080000000, 0x0000000100000000)
  region size 1024K, 31 young (31744K), 1 survivors (1024K)
 Metaspace       used 31964K, committed 32448K, reserved 1114112K
  class space    used 3357K, committed 3584K, reserved 1048576K
}
Event: 5.570 GC heap after
{Heap after GC invocations=10 (full 0):
 garbage-first heap   total 91136K, used 27391K [0x0000000080000000, 0x0000000100000000)
  region size 1024K, 1 young (1024K), 1 survivors (1024K)
 Metaspace       used 31964K, committed 32448K, reserved 1114112K
  class space    used 3357K, committed 3584K, reserved 1048576K
}
Event: 5.886 GC heap before
{Heap before GC invocations=10 (full 0):
 garbage-first heap   total 91136K, used 72447K [0x0000000080000000, 0x0000000100000000)
  region size 1024K, 45 young (46080K), 1 survivors (1024K)
 Metaspace       used 32122K, committed 32512K, reserved 1114112K
  class space    used 3373K, committed 3584K, reserved 1048576K
}
Event: 5.891 GC heap after
{Heap after GC invocations=11 (full 0):
 garbage-first heap   total 91136K, used 29337K [0x0000000080000000, 0x0000000100000000)
  region size 1024K, 3 young (3072K), 3 survivors (3072K)
 Metaspace       used 32122K, committed 32512K, reserved 1114112K
  class space    used 3373K, committed 3584K, reserved 1048576K
}
Event: 6.225 GC heap before
{Heap before GC invocations=11 (full 0):
 garbage-first heap   total 91136K, used 73369K [0x0000000080000000, 0x0000000100000000)
  region size 1024K, 46 young (47104K), 3 survivors (3072K)
 Metaspace       used 32534K, committed 32896K, reserved 1114112K
  class space    used 3411K, committed 3584K, reserved 1048576K
}
Event: 6.231 GC heap after
{Heap after GC invocations=12 (full 0):
 garbage-first heap   total 91136K, used 30695K [0x0000000080000000, 0x0000000100000000)
  region size 1024K, 5 young (5120K), 5 survivors (5120K)
 Metaspace       used 32534K, committed 32896K, reserved 1114112K
  class space    used 3411K, committed 3584K, reserved 1048576K
}
Event: 6.591 GC heap before
{Heap before GC invocations=12 (full 0):
 garbage-first heap   total 91136K, used 72679K [0x0000000080000000, 0x0000000100000000)
  region size 1024K, 46 young (47104K), 5 survivors (5120K)
 Metaspace       used 33172K, committed 33536K, reserved 1114112K
  class space    used 3441K, committed 3584K, reserved 1048576K
}
Event: 6.602 GC heap after
{Heap after GC invocations=13 (full 0):
 garbage-first heap   total 91136K, used 33869K [0x0000000080000000, 0x0000000100000000)
  region size 1024K, 5 young (5120K), 5 survivors (5120K)
 Metaspace       used 33172K, committed 33536K, reserved 1114112K
  class space    used 3441K, committed 3584K, reserved 1048576K
}
Event: 7.177 GC heap before
{Heap before GC invocations=13 (full 0):
 garbage-first heap   total 91136K, used 71757K [0x0000000080000000, 0x0000000100000000)
  region size 1024K, 42 young (43008K), 5 survivors (5120K)
 Metaspace       used 35400K, committed 35968K, reserved 1114112K
  class space    used 3696K, committed 3968K, reserved 1048576K
}
Event: 7.187 GC heap after
{Heap after GC invocations=14 (full 0):
 garbage-first heap   total 109568K, used 34797K [0x0000000080000000, 0x0000000100000000)
  region size 1024K, 2 young (2048K), 2 survivors (2048K)
 Metaspace       used 35400K, committed 35968K, reserved 1114112K
  class space    used 3696K, committed 3968K, reserved 1048576K
}
Event: 7.377 GC heap before
{Heap before GC invocations=14 (full 0):
 garbage-first heap   total 109568K, used 37869K [0x0000000080000000, 0x0000000100000000)
  region size 1024K, 6 young (6144K), 2 survivors (2048K)
 Metaspace       used 35456K, committed 35968K, reserved 1114112K
  class space    used 3696K, committed 3968K, reserved 1048576K
}
Event: 7.380 GC heap after
{Heap after GC invocations=15 (full 0):
 garbage-first heap   total 109568K, used 34739K [0x0000000080000000, 0x0000000100000000)
  region size 1024K, 2 young (2048K), 2 survivors (2048K)
 Metaspace       used 35456K, committed 35968K, reserved 1114112K
  class space    used 3696K, committed 3968K, reserved 1048576K
}
Event: 31.947 GC heap before
{Heap before GC invocations=16 (full 0):
 garbage-first heap   total 109568K, used 90035K [0x0000000080000000, 0x0000000100000000)
  region size 1024K, 56 young (57344K), 2 survivors (2048K)
 Metaspace       used 42946K, committed 43456K, reserved 1114112K
  class space    used 4715K, committed 4928K, reserved 1048576K
}
Event: 31.953 GC heap after
{Heap after GC invocations=17 (full 0):
 garbage-first heap   total 109568K, used 38457K [0x0000000080000000, 0x0000000100000000)
  region size 1024K, 5 young (5120K), 5 survivors (5120K)
 Metaspace       used 42946K, committed 43456K, reserved 1114112K
  class space    used 4715K, committed 4928K, reserved 1048576K
}

